<?xml version="1.0" encoding="UTF-8"?>
<testsuite xmlns:xsi="http://www.w3.org/2001/XMLSchema-instance" xsi:noNamespaceSchemaLocation="https://maven.apache.org/surefire/maven-surefire-plugin/xsd/surefire-test-report.xsd" name="com.springboot.CartOfferApplicationTests" time="10.17" tests="1" errors="1" skipped="0" failures="0">
  <properties>
[...]
</properties>
  <testcase name="checkFlatXForOneSegment" classname="com.springboot.CartOfferApplicationTests" time="2.749">
    <error message="Connection refused: connect" type="java.net.ConnectException">java.net.ConnectException: Connection refused: connect
	at com.springboot.CartOfferApplicationTests.addOffer(CartOfferApplicationTests.java:45)
	at com.springboot.CartOfferApplicationTests.checkFlatXForOneSegment(CartOfferApplicationTests.java:31)
</error>
    <system-out><![CDATA[19:05:15.445 [main] DEBUG org.springframework.test.context.junit4.SpringJUnit4ClassRunner - SpringJUnit4ClassRunner constructor called with [class com.springboot.CartOfferApplicationTests]
19:05:15.468 [main] DEBUG org.springframework.test.context.BootstrapUtils - Instantiating CacheAwareContextLoaderDelegate from class [org.springframework.test.context.cache.DefaultCacheAwareContextLoaderDelegate]
19:05:15.492 [main] DEBUG org.springframework.test.context.BootstrapUtils - Instantiating BootstrapContext using constructor [public org.springframework.test.context.support.DefaultBootstrapContext(java.lang.Class,org.springframework.test.context.CacheAwareContextLoaderDelegate)]
19:05:15.535 [main] DEBUG org.springframework.test.context.BootstrapUtils - Instantiating TestContextBootstrapper for test class [com.springboot.CartOfferApplicationTests] from class [org.springframework.boot.test.context.SpringBootTestContextBootstrapper]
19:05:15.581 [main] INFO org.springframework.boot.test.context.SpringBootTestContextBootstrapper - Neither @ContextConfiguration nor @ContextHierarchy found for test class [com.springboot.CartOfferApplicationTests], using SpringBootContextLoader
19:05:15.598 [main] DEBUG org.springframework.test.context.support.AbstractContextLoader - Did not detect default resource location for test class [com.springboot.CartOfferApplicationTests]: class path resource [com/springboot/CartOfferApplicationTests-context.xml] does not exist
19:05:15.599 [main] DEBUG org.springframework.test.context.support.AbstractContextLoader - Did not detect default resource location for test class [com.springboot.CartOfferApplicationTests]: class path resource [com/springboot/CartOfferApplicationTestsContext.groovy] does not exist
19:05:15.599 [main] INFO org.springframework.test.context.support.AbstractContextLoader - Could not detect default resource locations for test class [com.springboot.CartOfferApplicationTests]: no resource found for suffixes {-context.xml, Context.groovy}.
19:05:15.602 [main] INFO org.springframework.test.context.support.AnnotationConfigContextLoaderUtils - Could not detect default configuration classes for test class [com.springboot.CartOfferApplicationTests]: CartOfferApplicationTests does not declare any static, non-private, non-final, nested classes annotated with @Configuration.
19:05:15.759 [main] DEBUG org.springframework.test.context.support.ActiveProfilesUtils - Could not find an 'annotation declaring class' for annotation type [org.springframework.test.context.ActiveProfiles] and class [com.springboot.CartOfferApplicationTests]
19:05:15.793 [main] DEBUG org.springframework.core.env.StandardEnvironment - Adding PropertySource 'systemProperties' with lowest search precedence
19:05:15.793 [main] DEBUG org.springframework.core.env.StandardEnvironment - Adding PropertySource 'systemEnvironment' with lowest search precedence
19:05:15.794 [main] DEBUG org.springframework.core.env.StandardEnvironment - Initialized StandardEnvironment with PropertySources [MapPropertySource@1212116343 {name='systemProperties', properties={sun.desktop=windows, awt.toolkit=sun.awt.windows.WToolkit, java.specification.version=11, sun.cpu.isalist=amd64, sun.jnu.encoding=Cp1252, java.class.path=C:\Users\manda\JavaLearning\sample-cart-offer\target\test-classes;C:\Users\manda\JavaLearning\sample-cart-offer\target\classes;C:\Users\manda\.m2\repository\org\springframework\boot\spring-boot-starter-web\2.0.4.RELEASE\spring-boot-starter-web-2.0.4.RELEASE.jar;C:\Users\manda\.m2\repository\org\springframework\boot\spring-boot-starter\2.0.4.RELEASE\spring-boot-starter-2.0.4.RELEASE.jar;C:\Users\manda\.m2\repository\org\springframework\boot\spring-boot\2.0.4.RELEASE\spring-boot-2.0.4.RELEASE.jar;C:\Users\manda\.m2\repository\org\springframework\boot\spring-boot-autoconfigure\2.0.4.RELEASE\spring-boot-autoconfigure-2.0.4.RELEASE.jar;C:\Users\manda\.m2\repository\org\springframework\boot\spring-boot-starter-logging\2.0.4.RELEASE\spring-boot-starter-logging-2.0.4.RELEASE.jar;C:\Users\manda\.m2\repository\ch\qos\logback\logback-classic\1.2.3\logback-classic-1.2.3.jar;C:\Users\manda\.m2\repository\ch\qos\logback\logback-core\1.2.3\logback-core-1.2.3.jar;C:\Users\manda\.m2\repository\org\apache\logging\log4j\log4j-to-slf4j\2.10.0\log4j-to-slf4j-2.10.0.jar;C:\Users\manda\.m2\repository\org\apache\logging\log4j\log4j-api\2.10.0\log4j-api-2.10.0.jar;C:\Users\manda\.m2\repository\org\slf4j\jul-to-slf4j\1.7.25\jul-to-slf4j-1.7.25.jar;C:\Users\manda\.m2\repository\javax\annotation\javax.annotation-api\1.3.2\javax.annotation-api-1.3.2.jar;C:\Users\manda\.m2\repository\org\yaml\snakeyaml\1.19\snakeyaml-1.19.jar;C:\Users\manda\.m2\repository\org\springframework\boot\spring-boot-starter-json\2.0.4.RELEASE\spring-boot-starter-json-2.0.4.RELEASE.jar;C:\Users\manda\.m2\repository\com\fasterxml\jackson\core\jackson-databind\2.9.6\jackson-databind-2.9.6.jar;C:\Users\manda\.m2\repository\com\fasterxml\jackson\core\jackson-annotations\2.9.0\jackson-annotations-2.9.0.jar;C:\Users\manda\.m2\repository\com\fasterxml\jackson\core\jackson-core\2.9.6\jackson-core-2.9.6.jar;C:\Users\manda\.m2\repository\com\fasterxml\jackson\datatype\jackson-datatype-jdk8\2.9.6\jackson-datatype-jdk8-2.9.6.jar;C:\Users\manda\.m2\repository\com\fasterxml\jackson\datatype\jackson-datatype-jsr310\2.9.6\jackson-datatype-jsr310-2.9.6.jar;C:\Users\manda\.m2\repository\com\fasterxml\jackson\module\jackson-module-parameter-names\2.9.6\jackson-module-parameter-names-2.9.6.jar;C:\Users\manda\.m2\repository\org\springframework\boot\spring-boot-starter-tomcat\2.0.4.RELEASE\spring-boot-starter-tomcat-2.0.4.RELEASE.jar;C:\Users\manda\.m2\repository\org\apache\tomcat\embed\tomcat-embed-core\8.5.32\tomcat-embed-core-8.5.32.jar;C:\Users\manda\.m2\repository\org\apache\tomcat\embed\tomcat-embed-el\8.5.32\tomcat-embed-el-8.5.32.jar;C:\Users\manda\.m2\repository\org\apache\tomcat\embed\tomcat-embed-websocket\8.5.32\tomcat-embed-websocket-8.5.32.jar;C:\Users\manda\.m2\repository\org\hibernate\validator\hibernate-validator\6.0.11.Final\hibernate-validator-6.0.11.Final.jar;C:\Users\manda\.m2\repository\javax\validation\validation-api\2.0.1.Final\validation-api-2.0.1.Final.jar;C:\Users\manda\.m2\repository\org\jboss\logging\jboss-logging\3.3.2.Final\jboss-logging-3.3.2.Final.jar;C:\Users\manda\.m2\repository\com\fasterxml\classmate\1.3.4\classmate-1.3.4.jar;C:\Users\manda\.m2\repository\org\openjfx\javafx.base\11.0.0-SNAPSHOT\javafx.base-11.0.0-SNAPSHOT.jar;C:\Users\manda\.m2\repository\org\openjfx\javafx.base\11.0.0-SNAPSHOT\javafx.base-11.0.0-SNAPSHOT-linux.jar;C:\Users\manda\.m2\repository\org\openjfx\javafx.base\11.0.0-SNAPSHOT\javafx.base-11.0.0-SNAPSHOT-mac.jar;C:\Users\manda\.m2\repository\org\openjfx\javafx.base\11.0.0-SNAPSHOT\javafx.base-11.0.0-SNAPSHOT-win.jar;C:\Users\manda\.m2\repository\org\springframework\spring-web\5.0.8.RELEASE\spring-web-5.0.8.RELEASE.jar;C:\Users\manda\.m2\repository\org\springframework\spring-beans\5.0.8.RELEASE\spring-beans-5.0.8.RELEASE.jar;C:\Users\manda\.m2\repository\org\springframework\spring-webmvc\5.0.8.RELEASE\spring-webmvc-5.0.8.RELEASE.jar;C:\Users\manda\.m2\repository\org\springframework\spring-aop\5.0.8.RELEASE\spring-aop-5.0.8.RELEASE.jar;C:\Users\manda\.m2\repository\org\springframework\spring-context\5.0.8.RELEASE\spring-context-5.0.8.RELEASE.jar;C:\Users\manda\.m2\repository\org\springframework\spring-expression\5.0.8.RELEASE\spring-expression-5.0.8.RELEASE.jar;C:\Users\manda\.m2\repository\org\apache\commons\commons-lang3\3.7\commons-lang3-3.7.jar;C:\Users\manda\.m2\repository\org\springframework\boot\spring-boot-starter-test\2.0.4.RELEASE\spring-boot-starter-test-2.0.4.RELEASE.jar;C:\Users\manda\.m2\repository\org\springframework\boot\spring-boot-test\2.0.4.RELEASE\spring-boot-test-2.0.4.RELEASE.jar;C:\Users\manda\.m2\repository\org\springframework\boot\spring-boot-test-autoconfigure\2.0.4.RELEASE\spring-boot-test-autoconfigure-2.0.4.RELEASE.jar;C:\Users\manda\.m2\repository\com\jayway\jsonpath\json-path\2.4.0\json-path-2.4.0.jar;C:\Users\manda\.m2\repository\net\minidev\json-smart\2.3\json-smart-2.3.jar;C:\Users\manda\.m2\repository\net\minidev\accessors-smart\1.2\accessors-smart-1.2.jar;C:\Users\manda\.m2\repository\org\ow2\asm\asm\5.0.4\asm-5.0.4.jar;C:\Users\manda\.m2\repository\org\slf4j\slf4j-api\1.7.25\slf4j-api-1.7.25.jar;C:\Users\manda\.m2\repository\junit\junit\4.12\junit-4.12.jar;C:\Users\manda\.m2\repository\org\assertj\assertj-core\3.9.1\assertj-core-3.9.1.jar;C:\Users\manda\.m2\repository\org\mockito\mockito-core\2.15.0\mockito-core-2.15.0.jar;C:\Users\manda\.m2\repository\net\bytebuddy\byte-buddy\1.7.11\byte-buddy-1.7.11.jar;C:\Users\manda\.m2\repository\net\bytebuddy\byte-buddy-agent\1.7.11\byte-buddy-agent-1.7.11.jar;C:\Users\manda\.m2\repository\org\objenesis\objenesis\2.6\objenesis-2.6.jar;C:\Users\manda\.m2\repository\org\hamcrest\hamcrest-core\1.3\hamcrest-core-1.3.jar;C:\Users\manda\.m2\repository\org\hamcrest\hamcrest-library\1.3\hamcrest-library-1.3.jar;C:\Users\manda\.m2\repository\org\skyscreamer\jsonassert\1.5.0\jsonassert-1.5.0.jar;C:\Users\manda\.m2\repository\com\vaadin\external\google\android-json\0.0.20131108.vaadin1\android-json-0.0.20131108.vaadin1.jar;C:\Users\manda\.m2\repository\org\springframework\spring-core\5.0.8.RELEASE\spring-core-5.0.8.RELEASE.jar;C:\Users\manda\.m2\repository\org\springframework\spring-jcl\5.0.8.RELEASE\spring-jcl-5.0.8.RELEASE.jar;C:\Users\manda\.m2\repository\org\springframework\spring-test\5.0.8.RELEASE\spring-test-5.0.8.RELEASE.jar;C:\Users\manda\.m2\repository\org\xmlunit\xmlunit-core\2.5.1\xmlunit-core-2.5.1.jar;C:\Users\manda\.m2\repository\org\springframework\boot\spring-boot-configuration-processor\2.0.4.RELEASE\spring-boot-configuration-processor-2.0.4.RELEASE.jar;C:\Users\manda\.m2\repository\org\projectlombok\lombok\1.16.22\lombok-1.16.22.jar;, java.vm.vendor=Oracle Corporation, sun.arch.data.model=64, user.variant=, java.vendor.url=https://openjdk.java.net/, user.timezone=Asia/Calcutta, os.name=Windows 10, java.vm.specification.version=11, sun.java.launcher=SUN_STANDARD, user.country=IN, sun.boot.library.path=C:\Program Files\Java\jdk-11.0.8\bin, sun.java.command=C:\Users\manda\AppData\Local\Temp\surefire2352056443237400275\surefirebooter13687864562714988536.jar C:\Users\manda\AppData\Local\Temp\surefire2352056443237400275 2025-07-07T19-05-12_874-jvmRun1 surefire5566662989177882419tmp surefire_012152693991586738109tmp, jdk.debug=release, surefire.test.class.path=C:\Users\manda\JavaLearning\sample-cart-offer\target\test-classes;C:\Users\manda\JavaLearning\sample-cart-offer\target\classes;C:\Users\manda\.m2\repository\org\springframework\boot\spring-boot-starter-web\2.0.4.RELEASE\spring-boot-starter-web-2.0.4.RELEASE.jar;C:\Users\manda\.m2\repository\org\springframework\boot\spring-boot-starter\2.0.4.RELEASE\spring-boot-starter-2.0.4.RELEASE.jar;C:\Users\manda\.m2\repository\org\springframework\boot\spring-boot\2.0.4.RELEASE\spring-boot-2.0.4.RELEASE.jar;C:\Users\manda\.m2\repository\org\springframework\boot\spring-boot-autoconfigure\2.0.4.RELEASE\spring-boot-autoconfigure-2.0.4.RELEASE.jar;C:\Users\manda\.m2\repository\org\springframework\boot\spring-boot-starter-logging\2.0.4.RELEASE\spring-boot-starter-logging-2.0.4.RELEASE.jar;C:\Users\manda\.m2\repository\ch\qos\logback\logback-classic\1.2.3\logback-classic-1.2.3.jar;C:\Users\manda\.m2\repository\ch\qos\logback\logback-core\1.2.3\logback-core-1.2.3.jar;C:\Users\manda\.m2\repository\org\apache\logging\log4j\log4j-to-slf4j\2.10.0\log4j-to-slf4j-2.10.0.jar;C:\Users\manda\.m2\repository\org\apache\logging\log4j\log4j-api\2.10.0\log4j-api-2.10.0.jar;C:\Users\manda\.m2\repository\org\slf4j\jul-to-slf4j\1.7.25\jul-to-slf4j-1.7.25.jar;C:\Users\manda\.m2\repository\javax\annotation\javax.annotation-api\1.3.2\javax.annotation-api-1.3.2.jar;C:\Users\manda\.m2\repository\org\yaml\snakeyaml\1.19\snakeyaml-1.19.jar;C:\Users\manda\.m2\repository\org\springframework\boot\spring-boot-starter-json\2.0.4.RELEASE\spring-boot-starter-json-2.0.4.RELEASE.jar;C:\Users\manda\.m2\repository\com\fasterxml\jackson\core\jackson-databind\2.9.6\jackson-databind-2.9.6.jar;C:\Users\manda\.m2\repository\com\fasterxml\jackson\core\jackson-annotations\2.9.0\jackson-annotations-2.9.0.jar;C:\Users\manda\.m2\repository\com\fasterxml\jackson\core\jackson-core\2.9.6\jackson-core-2.9.6.jar;C:\Users\manda\.m2\repository\com\fasterxml\jackson\datatype\jackson-datatype-jdk8\2.9.6\jackson-datatype-jdk8-2.9.6.jar;C:\Users\manda\.m2\repository\com\fasterxml\jackson\datatype\jackson-datatype-jsr310\2.9.6\jackson-datatype-jsr310-2.9.6.jar;C:\Users\manda\.m2\repository\com\fasterxml\jackson\module\jackson-module-parameter-names\2.9.6\jackson-module-parameter-names-2.9.6.jar;C:\Users\manda\.m2\repository\org\springframework\boot\spring-boot-starter-tomcat\2.0.4.RELEASE\spring-boot-starter-tomcat-2.0.4.RELEASE.jar;C:\Users\manda\.m2\repository\org\apache\tomcat\embed\tomcat-embed-core\8.5.32\tomcat-embed-core-8.5.32.jar;C:\Users\manda\.m2\repository\org\apache\tomcat\embed\tomcat-embed-el\8.5.32\tomcat-embed-el-8.5.32.jar;C:\Users\manda\.m2\repository\org\apache\tomcat\embed\tomcat-embed-websocket\8.5.32\tomcat-embed-websocket-8.5.32.jar;C:\Users\manda\.m2\repository\org\hibernate\validator\hibernate-validator\6.0.11.Final\hibernate-validator-6.0.11.Final.jar;C:\Users\manda\.m2\repository\javax\validation\validation-api\2.0.1.Final\validation-api-2.0.1.Final.jar;C:\Users\manda\.m2\repository\org\jboss\logging\jboss-logging\3.3.2.Final\jboss-logging-3.3.2.Final.jar;C:\Users\manda\.m2\repository\com\fasterxml\classmate\1.3.4\classmate-1.3.4.jar;C:\Users\manda\.m2\repository\org\openjfx\javafx.base\11.0.0-SNAPSHOT\javafx.base-11.0.0-SNAPSHOT.jar;C:\Users\manda\.m2\repository\org\openjfx\javafx.base\11.0.0-SNAPSHOT\javafx.base-11.0.0-SNAPSHOT-linux.jar;C:\Users\manda\.m2\repository\org\openjfx\javafx.base\11.0.0-SNAPSHOT\javafx.base-11.0.0-SNAPSHOT-mac.jar;C:\Users\manda\.m2\repository\org\openjfx\javafx.base\11.0.0-SNAPSHOT\javafx.base-11.0.0-SNAPSHOT-win.jar;C:\Users\manda\.m2\repository\org\springframework\spring-web\5.0.8.RELEASE\spring-web-5.0.8.RELEASE.jar;C:\Users\manda\.m2\repository\org\springframework\spring-beans\5.0.8.RELEASE\spring-beans-5.0.8.RELEASE.jar;C:\Users\manda\.m2\repository\org\springframework\spring-webmvc\5.0.8.RELEASE\spring-webmvc-5.0.8.RELEASE.jar;C:\Users\manda\.m2\repository\org\springframework\spring-aop\5.0.8.RELEASE\spring-aop-5.0.8.RELEASE.jar;C:\Users\manda\.m2\repository\org\springframework\spring-context\5.0.8.RELEASE\spring-context-5.0.8.RELEASE.jar;C:\Users\manda\.m2\repository\org\springframework\spring-expression\5.0.8.RELEASE\spring-expression-5.0.8.RELEASE.jar;C:\Users\manda\.m2\repository\org\apache\commons\commons-lang3\3.7\commons-lang3-3.7.jar;C:\Users\manda\.m2\repository\org\springframework\boot\spring-boot-starter-test\2.0.4.RELEASE\spring-boot-starter-test-2.0.4.RELEASE.jar;C:\Users\manda\.m2\repository\org\springframework\boot\spring-boot-test\2.0.4.RELEASE\spring-boot-test-2.0.4.RELEASE.jar;C:\Users\manda\.m2\repository\org\springframework\boot\spring-boot-test-autoconfigure\2.0.4.RELEASE\spring-boot-test-autoconfigure-2.0.4.RELEASE.jar;C:\Users\manda\.m2\repository\com\jayway\jsonpath\json-path\2.4.0\json-path-2.4.0.jar;C:\Users\manda\.m2\repository\net\minidev\json-smart\2.3\json-smart-2.3.jar;C:\Users\manda\.m2\repository\net\minidev\accessors-smart\1.2\accessors-smart-1.2.jar;C:\Users\manda\.m2\repository\org\ow2\asm\asm\5.0.4\asm-5.0.4.jar;C:\Users\manda\.m2\repository\org\slf4j\slf4j-api\1.7.25\slf4j-api-1.7.25.jar;C:\Users\manda\.m2\repository\junit\junit\4.12\junit-4.12.jar;C:\Users\manda\.m2\repository\org\assertj\assertj-core\3.9.1\assertj-core-3.9.1.jar;C:\Users\manda\.m2\repository\org\mockito\mockito-core\2.15.0\mockito-core-2.15.0.jar;C:\Users\manda\.m2\repository\net\bytebuddy\byte-buddy\1.7.11\byte-buddy-1.7.11.jar;C:\Users\manda\.m2\repository\net\bytebuddy\byte-buddy-agent\1.7.11\byte-buddy-agent-1.7.11.jar;C:\Users\manda\.m2\repository\org\objenesis\objenesis\2.6\objenesis-2.6.jar;C:\Users\manda\.m2\repository\org\hamcrest\hamcrest-core\1.3\hamcrest-core-1.3.jar;C:\Users\manda\.m2\repository\org\hamcrest\hamcrest-library\1.3\hamcrest-library-1.3.jar;C:\Users\manda\.m2\repository\org\skyscreamer\jsonassert\1.5.0\jsonassert-1.5.0.jar;C:\Users\manda\.m2\repository\com\vaadin\external\google\android-json\0.0.20131108.vaadin1\android-json-0.0.20131108.vaadin1.jar;C:\Users\manda\.m2\repository\org\springframework\spring-core\5.0.8.RELEASE\spring-core-5.0.8.RELEASE.jar;C:\Users\manda\.m2\repository\org\springframework\spring-jcl\5.0.8.RELEASE\spring-jcl-5.0.8.RELEASE.jar;C:\Users\manda\.m2\repository\org\springframework\spring-test\5.0.8.RELEASE\spring-test-5.0.8.RELEASE.jar;C:\Users\manda\.m2\repository\org\xmlunit\xmlunit-core\2.5.1\xmlunit-core-2.5.1.jar;C:\Users\manda\.m2\repository\org\springframework\boot\spring-boot-configuration-processor\2.0.4.RELEASE\spring-boot-configuration-processor-2.0.4.RELEASE.jar;C:\Users\manda\.m2\repository\org\projectlombok\lombok\1.16.22\lombok-1.16.22.jar;, sun.cpu.endian=little, user.home=C:\Users\manda, user.language=en, java.specification.vendor=Oracle Corporation, java.version.date=2020-07-14, java.home=C:\Program Files\Java\jdk-11.0.8, file.separator=\, basedir=C:\Users\manda\JavaLearning\sample-cart-offer, java.vm.compressedOopsMode=32-bit, line.separator=
, java.specification.name=Java Platform API Specification, java.vm.specification.vendor=Oracle Corporation, java.awt.graphicsenv=sun.awt.Win32GraphicsEnvironment, surefire.real.class.path=C:\Users\manda\AppData\Local\Temp\surefire2352056443237400275\surefirebooter13687864562714988536.jar, user.script=, sun.management.compiler=HotSpot 64-Bit Tiered Compilers, java.runtime.version=11.0.8+10-LTS, user.name=manda, path.separator=;, os.version=10.0, java.runtime.name=Java(TM) SE Runtime Environment, file.encoding=Cp1252, java.vm.name=Java HotSpot(TM) 64-Bit Server VM, java.vendor.version=18.9, localRepository=C:\Users\manda\.m2\repository, java.vendor.url.bug=https://bugreport.java.com/bugreport/, java.io.tmpdir=C:\Users\manda\AppData\Local\Temp\, java.version=11.0.8, user.dir=C:\Users\manda\JavaLearning\sample-cart-offer, os.arch=amd64, java.vm.specification.name=Java Virtual Machine Specification, java.awt.printerjob=sun.awt.windows.WPrinterJob, sun.os.patch.level=, java.library.path=C:\Program Files\Java\jdk-11.0.8\bin;C:\windows\Sun\Java\bin;C:\windows\system32;C:\windows;C:\Program Files\Common Files\Oracle\Java\javapath;C:\windows\system32;C:\windows;C:\windows\System32\Wbem;C:\windows\System32\WindowsPowerShell\v1.0\;C:\windows\System32\OpenSSH\;C:\Program Files\Java\jdk-11.0.8\bin;C:\Program Files\apache-maven-3.6.3\bin;C:\Users\manda\OneDrive\Documents\selenium_resources\chromedriver_win32 (4);C:\Program Files\Docker\Docker\resources\bin;C:\ProgramData\DockerDesktop\version-bin;C:\Program Files\nodejs\;C:\Program Files\Git\cmd;C:\Program Files\MySQL\MySQL Shell 8.0\bin\;C:\Users\manda\AppData\Local\Microsoft\WindowsApps;C:\Users\manda\AppData\Local\Programs\Microsoft VS Code\bin;C:\Users\manda\AppData\Roaming\npm;C:\Users\Administrator\AppData\Roaming\npm;;., java.vendor=Oracle Corporation, java.vm.info=mixed mode, java.vm.version=11.0.8+10-LTS, sun.io.unicode.encoding=UnicodeLittle, java.class.version=55.0}}, SystemEnvironmentPropertySource@2119891622 {name='systemEnvironment', properties={PATH=C:\Program Files\Common Files\Oracle\Java\javapath;C:\windows\system32;C:\windows;C:\windows\System32\Wbem;C:\windows\System32\WindowsPowerShell\v1.0\;C:\windows\System32\OpenSSH\;C:\Program Files\Java\jdk-11.0.8\bin;C:\Program Files\apache-maven-3.6.3\bin;C:\Users\manda\OneDrive\Documents\selenium_resources\chromedriver_win32 (4);C:\Program Files\Docker\Docker\resources\bin;C:\ProgramData\DockerDesktop\version-bin;C:\Program Files\nodejs\;C:\Program Files\Git\cmd;C:\Program Files\MySQL\MySQL Shell 8.0\bin\;C:\Users\manda\AppData\Local\Microsoft\WindowsApps;C:\Users\manda\AppData\Local\Programs\Microsoft VS Code\bin;C:\Users\manda\AppData\Roaming\npm;C:\Users\Administrator\AppData\Roaming\npm;, USERDOMAIN_ROAMINGPROFILE=LAPTOP-TNN1JM13, PROCESSOR_LEVEL=6, SYSTEMDRIVE=C:, SESSIONNAME=Console, ALLUSERSPROFILE=C:\ProgramData, PLATFORMCODE=KV, PROCESSOR_ARCHITECTURE=AMD64, DRIVERDATA=C:\Windows\System32\Drivers\DriverData, __INTELLIJ_COMMAND_HISTFILE__=C:\Users\manda\AppData\Roaming\JetBrains\IdeaIC2020.2\terminal\history\history-1, MAVEN_HOME=C:\Program Files\apache-maven-3.6.3\bin\.., PROGRAMFILES=C:\Program Files, PSMODULEPATH=C:\Program Files\WindowsPowerShell\Modules;C:\windows\system32\WindowsPowerShell\v1.0\Modules, PROGRAMDATA=C:\ProgramData, USERNAME=manda, WDIR=C:\Users\manda\JavaLearning\sample-cart-offer, ONEDRIVE=C:\Users\manda\OneDrive, PATHEXT=.COM;.EXE;.BAT;.CMD;.VBS;.VBE;.JS;.JSE;.WSF;.WSH;.MSC, ONEDRIVECONSUMER=C:\Users\manda\OneDrive, CLASSWORLDS_JAR="C:\Program Files\apache-maven-3.6.3\bin\..\boot\plexus-classworlds-2.6.0.jar", UIPATH_LANGUAGE=en, REGIONCODE=APJ, WINDIR=C:\windows, HOMEPATH=\Users\manda, PROCESSOR_IDENTIFIER=Intel64 Family 6 Model 126 Stepping 5, GenuineIntel, PUBLIC=C:\Users\Public, UIPATH_USER_SERVICE_PATH=C:\Users\manda\AppData\Local\Programs\UiPath\Studio\UiPath.Service.UserHost.exe, =::=::\, =EXITCODE=00000000, ZES_ENABLE_SYSMAN=1, LOCALAPPDATA=C:\Users\manda\AppData\Local, COMMONPROGRAMFILES(X86)=C:\Program Files (x86)\Common Files, USERDOMAIN=LAPTOP-TNN1JM13, LOGONSERVER=\\LAPTOP-TNN1JM13, JAVA_HOME=C:\Program Files\Java\jdk-11.0.8, PROMPT=$P$G, PROGRAMFILES(X86)=C:\Program Files (x86), ERROR_CODE=0, EXEC_DIR=C:\Users\manda\JavaLearning\sample-cart-offer, ONLINESERVICES=Online Services, C:\PROGRAM FILES (X86)\NODEJS\=C:\Users\manda\AppData\Roaming\npm, =C:=C:\Users\manda\JavaLearning\sample-cart-offer, APPDATA=C:\Users\manda\AppData\Roaming, PROGRAMW6432=C:\Program Files, SYSTEMROOT=C:\windows, MAVEN_CMD_LINE_ARGS=clean install -U, OS=Windows_NT, COMMONPROGRAMW6432=C:\Program Files\Common Files, COMPUTERNAME=LAPTOP-TNN1JM13, COMMONPROGRAMFILES=C:\Program Files\Common Files, COMSPEC=C:\windows\system32\cmd.exe, JAVACMD=C:\Program Files\Java\jdk-11.0.8\bin\java.exe, MAVEN_PROJECTBASEDIR=C:\Users\manda\JavaLearning\sample-cart-offer, PROCESSOR_REVISION=7e05, CLASSWORLDS_LAUNCHER=org.codehaus.plexus.classworlds.launcher.Launcher, TERMINAL_EMULATOR=JetBrains-JediTerm, TEMP=C:\Users\manda\AppData\Local\Temp, HOMEDRIVE=C:, USERPROFILE=C:\Users\manda, TMP=C:\Users\manda\AppData\Local\Temp, NUMBER_OF_PROCESSORS=8, JVMCONFIG=\.mvn\jvm.config, IDEA_INITIAL_DIRECTORY=C:\Program Files\JetBrains\IntelliJ IDEA Community Edition 2020.2.3\bin}}]
19:05:15.850 [main] DEBUG org.springframework.core.io.support.PathMatchingResourcePatternResolver - Resolved classpath location [com/springboot/] to resources [URL [file:/C:/Users/manda/JavaLearning/sample-cart-offer/target/test-classes/com/springboot/], URL [file:/C:/Users/manda/JavaLearning/sample-cart-offer/target/classes/com/springboot/]]
19:05:15.851 [main] DEBUG org.springframework.core.io.support.PathMatchingResourcePatternResolver - Looking for matching resources in directory tree [C:\Users\manda\JavaLearning\sample-cart-offer\target\test-classes\com\springboot]
19:05:15.853 [main] DEBUG org.springframework.core.io.support.PathMatchingResourcePatternResolver - Searching directory [C:\Users\manda\JavaLearning\sample-cart-offer\target\test-classes\com\springboot] for files matching pattern [C:/Users/manda/JavaLearning/sample-cart-offer/target/test-classes/com/springboot/*.class]
19:05:15.868 [main] DEBUG org.springframework.core.io.support.PathMatchingResourcePatternResolver - Looking for matching resources in directory tree [C:\Users\manda\JavaLearning\sample-cart-offer\target\classes\com\springboot]
19:05:15.876 [main] DEBUG org.springframework.core.io.support.PathMatchingResourcePatternResolver - Searching directory [C:\Users\manda\JavaLearning\sample-cart-offer\target\classes\com\springboot] for files matching pattern [C:/Users/manda/JavaLearning/sample-cart-offer/target/classes/com/springboot/*.class]
19:05:15.884 [main] DEBUG org.springframework.core.io.support.PathMatchingResourcePatternResolver - Resolved location pattern [classpath*:com/springboot/*.class] to resources [file [C:\Users\manda\JavaLearning\sample-cart-offer\target\test-classes\com\springboot\CartOfferApplicationTests.class], file [C:\Users\manda\JavaLearning\sample-cart-offer\target\classes\com\springboot\CartOfferApplication.class]]
19:05:16.142 [main] DEBUG org.springframework.context.annotation.ClassPathScanningCandidateComponentProvider - Identified candidate component class: file [C:\Users\manda\JavaLearning\sample-cart-offer\target\classes\com\springboot\CartOfferApplication.class]
19:05:16.148 [main] INFO org.springframework.boot.test.context.SpringBootTestContextBootstrapper - Found @SpringBootConfiguration com.springboot.CartOfferApplication for test class com.springboot.CartOfferApplicationTests
19:05:16.570 [main] DEBUG org.springframework.boot.test.context.SpringBootTestContextBootstrapper - @TestExecutionListeners is not present for class [com.springboot.CartOfferApplicationTests]: using defaults.
19:05:16.570 [main] INFO org.springframework.boot.test.context.SpringBootTestContextBootstrapper - Loaded default TestExecutionListener class names from location [META-INF/spring.factories]: [org.springframework.boot.test.mock.mockito.MockitoTestExecutionListener, org.springframework.boot.test.mock.mockito.ResetMocksTestExecutionListener, org.springframework.boot.test.autoconfigure.restdocs.RestDocsTestExecutionListener, org.springframework.boot.test.autoconfigure.web.client.MockRestServiceServerResetTestExecutionListener, org.springframework.boot.test.autoconfigure.web.servlet.MockMvcPrintOnlyOnFailureTestExecutionListener, org.springframework.boot.test.autoconfigure.web.servlet.WebDriverTestExecutionListener, org.springframework.test.context.web.ServletTestExecutionListener, org.springframework.test.context.support.DirtiesContextBeforeModesTestExecutionListener, org.springframework.test.context.support.DependencyInjectionTestExecutionListener, org.springframework.test.context.support.DirtiesContextTestExecutionListener, org.springframework.test.context.transaction.TransactionalTestExecutionListener, org.springframework.test.context.jdbc.SqlScriptsTestExecutionListener]
19:05:16.607 [main] DEBUG org.springframework.boot.test.context.SpringBootTestContextBootstrapper - Skipping candidate TestExecutionListener [org.springframework.test.context.transaction.TransactionalTestExecutionListener] due to a missing dependency. Specify custom listener classes or make the default listener classes and their required dependencies available. Offending class: [org/springframework/transaction/interceptor/TransactionAttributeSource]
19:05:16.607 [main] DEBUG org.springframework.boot.test.context.SpringBootTestContextBootstrapper - Skipping candidate TestExecutionListener [org.springframework.test.context.jdbc.SqlScriptsTestExecutionListener] due to a missing dependency. Specify custom listener classes or make the default listener classes and their required dependencies available. Offending class: [org/springframework/transaction/interceptor/TransactionAttribute]
19:05:16.607 [main] INFO org.springframework.boot.test.context.SpringBootTestContextBootstrapper - Using TestExecutionListeners: [org.springframework.test.context.web.ServletTestExecutionListener@13d4992d, org.springframework.test.context.support.DirtiesContextBeforeModesTestExecutionListener@302f7971, org.springframework.boot.test.mock.mockito.MockitoTestExecutionListener@332729ad, org.springframework.boot.test.autoconfigure.SpringBootDependencyInjectionTestExecutionListener@75d2da2d, org.springframework.test.context.support.DirtiesContextTestExecutionListener@4278284b, org.springframework.boot.test.mock.mockito.ResetMocksTestExecutionListener@9573584, org.springframework.boot.test.autoconfigure.restdocs.RestDocsTestExecutionListener@3370f42, org.springframework.boot.test.autoconfigure.web.client.MockRestServiceServerResetTestExecutionListener@6057aebb, org.springframework.boot.test.autoconfigure.web.servlet.MockMvcPrintOnlyOnFailureTestExecutionListener@63eef88a, org.springframework.boot.test.autoconfigure.web.servlet.WebDriverTestExecutionListener@53251a66]
19:05:16.607 [main] DEBUG org.springframework.test.annotation.ProfileValueUtils - Retrieved @ProfileValueSourceConfiguration [null] for test class [com.springboot.CartOfferApplicationTests]
19:05:16.607 [main] DEBUG org.springframework.test.annotation.ProfileValueUtils - Retrieved ProfileValueSource type [class org.springframework.test.annotation.SystemProfileValueSource] for class [com.springboot.CartOfferApplicationTests]
19:05:16.607 [main] DEBUG org.springframework.test.annotation.ProfileValueUtils - Retrieved @ProfileValueSourceConfiguration [null] for test class [com.springboot.CartOfferApplicationTests]
19:05:16.607 [main] DEBUG org.springframework.test.annotation.ProfileValueUtils - Retrieved ProfileValueSource type [class org.springframework.test.annotation.SystemProfileValueSource] for class [com.springboot.CartOfferApplicationTests]
19:05:16.607 [main] DEBUG org.springframework.test.annotation.ProfileValueUtils - Retrieved @ProfileValueSourceConfiguration [null] for test class [com.springboot.CartOfferApplicationTests]
19:05:16.607 [main] DEBUG org.springframework.test.annotation.ProfileValueUtils - Retrieved ProfileValueSource type [class org.springframework.test.annotation.SystemProfileValueSource] for class [com.springboot.CartOfferApplicationTests]
19:05:16.623 [main] DEBUG org.springframework.test.context.support.AbstractDirtiesContextTestExecutionListener - Before test class: context [DefaultTestContext@7c214cc0 testClass = CartOfferApplicationTests, testInstance = [null], testMethod = [null], testException = [null], mergedContextConfiguration = [WebMergedContextConfiguration@5b67bb7e testClass = CartOfferApplicationTests, locations = '{}', classes = '{class com.springboot.CartOfferApplication}', contextInitializerClasses = '[]', activeProfiles = '{}', propertySourceLocations = '{}', propertySourceProperties = '{org.springframework.boot.test.context.SpringBootTestContextBootstrapper=true}', contextCustomizers = set[org.springframework.boot.test.context.filter.ExcludeFilterContextCustomizer@40cb8df7, org.springframework.boot.test.json.DuplicateJsonObjectContextCustomizerFactory$DuplicateJsonObjectContextCustomizer@355ce81c, org.springframework.boot.test.mock.mockito.MockitoContextCustomizer@0, org.springframework.boot.test.web.client.TestRestTemplateContextCustomizer@73ee04c8, org.springframework.boot.test.autoconfigure.properties.PropertyMappingContextCustomizer@0, org.springframework.boot.test.autoconfigure.web.servlet.WebDriverContextCustomizerFactory$Customizer@44821a96], resourceBasePath = 'src/main/webapp', contextLoader = 'org.springframework.boot.test.context.SpringBootContextLoader', parent = [null]], attributes = map['org.springframework.test.context.web.ServletTestExecutionListener.activateListener' -> true]], class annotated with @DirtiesContext [false] with mode [null].
19:05:16.623 [main] DEBUG org.springframework.test.annotation.ProfileValueUtils - Retrieved @ProfileValueSourceConfiguration [null] for test class [com.springboot.CartOfferApplicationTests]
19:05:16.623 [main] DEBUG org.springframework.test.annotation.ProfileValueUtils - Retrieved ProfileValueSource type [class org.springframework.test.annotation.SystemProfileValueSource] for class [com.springboot.CartOfferApplicationTests]
19:05:16.700 [main] DEBUG org.springframework.core.env.StandardEnvironment - Adding PropertySource 'systemProperties' with lowest search precedence
19:05:16.702 [main] DEBUG org.springframework.core.env.StandardEnvironment - Adding PropertySource 'systemEnvironment' with lowest search precedence
19:05:16.703 [main] DEBUG org.springframework.core.env.StandardEnvironment - Initialized StandardEnvironment with PropertySources [MapPropertySource@1503660218 {name='systemProperties', properties={sun.desktop=windows, awt.toolkit=sun.awt.windows.WToolkit, java.specification.version=11, sun.cpu.isalist=amd64, sun.jnu.encoding=Cp1252, java.class.path=C:\Users\manda\JavaLearning\sample-cart-offer\target\test-classes;C:\Users\manda\JavaLearning\sample-cart-offer\target\classes;C:\Users\manda\.m2\repository\org\springframework\boot\spring-boot-starter-web\2.0.4.RELEASE\spring-boot-starter-web-2.0.4.RELEASE.jar;C:\Users\manda\.m2\repository\org\springframework\boot\spring-boot-starter\2.0.4.RELEASE\spring-boot-starter-2.0.4.RELEASE.jar;C:\Users\manda\.m2\repository\org\springframework\boot\spring-boot\2.0.4.RELEASE\spring-boot-2.0.4.RELEASE.jar;C:\Users\manda\.m2\repository\org\springframework\boot\spring-boot-autoconfigure\2.0.4.RELEASE\spring-boot-autoconfigure-2.0.4.RELEASE.jar;C:\Users\manda\.m2\repository\org\springframework\boot\spring-boot-starter-logging\2.0.4.RELEASE\spring-boot-starter-logging-2.0.4.RELEASE.jar;C:\Users\manda\.m2\repository\ch\qos\logback\logback-classic\1.2.3\logback-classic-1.2.3.jar;C:\Users\manda\.m2\repository\ch\qos\logback\logback-core\1.2.3\logback-core-1.2.3.jar;C:\Users\manda\.m2\repository\org\apache\logging\log4j\log4j-to-slf4j\2.10.0\log4j-to-slf4j-2.10.0.jar;C:\Users\manda\.m2\repository\org\apache\logging\log4j\log4j-api\2.10.0\log4j-api-2.10.0.jar;C:\Users\manda\.m2\repository\org\slf4j\jul-to-slf4j\1.7.25\jul-to-slf4j-1.7.25.jar;C:\Users\manda\.m2\repository\javax\annotation\javax.annotation-api\1.3.2\javax.annotation-api-1.3.2.jar;C:\Users\manda\.m2\repository\org\yaml\snakeyaml\1.19\snakeyaml-1.19.jar;C:\Users\manda\.m2\repository\org\springframework\boot\spring-boot-starter-json\2.0.4.RELEASE\spring-boot-starter-json-2.0.4.RELEASE.jar;C:\Users\manda\.m2\repository\com\fasterxml\jackson\core\jackson-databind\2.9.6\jackson-databind-2.9.6.jar;C:\Users\manda\.m2\repository\com\fasterxml\jackson\core\jackson-annotations\2.9.0\jackson-annotations-2.9.0.jar;C:\Users\manda\.m2\repository\com\fasterxml\jackson\core\jackson-core\2.9.6\jackson-core-2.9.6.jar;C:\Users\manda\.m2\repository\com\fasterxml\jackson\datatype\jackson-datatype-jdk8\2.9.6\jackson-datatype-jdk8-2.9.6.jar;C:\Users\manda\.m2\repository\com\fasterxml\jackson\datatype\jackson-datatype-jsr310\2.9.6\jackson-datatype-jsr310-2.9.6.jar;C:\Users\manda\.m2\repository\com\fasterxml\jackson\module\jackson-module-parameter-names\2.9.6\jackson-module-parameter-names-2.9.6.jar;C:\Users\manda\.m2\repository\org\springframework\boot\spring-boot-starter-tomcat\2.0.4.RELEASE\spring-boot-starter-tomcat-2.0.4.RELEASE.jar;C:\Users\manda\.m2\repository\org\apache\tomcat\embed\tomcat-embed-core\8.5.32\tomcat-embed-core-8.5.32.jar;C:\Users\manda\.m2\repository\org\apache\tomcat\embed\tomcat-embed-el\8.5.32\tomcat-embed-el-8.5.32.jar;C:\Users\manda\.m2\repository\org\apache\tomcat\embed\tomcat-embed-websocket\8.5.32\tomcat-embed-websocket-8.5.32.jar;C:\Users\manda\.m2\repository\org\hibernate\validator\hibernate-validator\6.0.11.Final\hibernate-validator-6.0.11.Final.jar;C:\Users\manda\.m2\repository\javax\validation\validation-api\2.0.1.Final\validation-api-2.0.1.Final.jar;C:\Users\manda\.m2\repository\org\jboss\logging\jboss-logging\3.3.2.Final\jboss-logging-3.3.2.Final.jar;C:\Users\manda\.m2\repository\com\fasterxml\classmate\1.3.4\classmate-1.3.4.jar;C:\Users\manda\.m2\repository\org\openjfx\javafx.base\11.0.0-SNAPSHOT\javafx.base-11.0.0-SNAPSHOT.jar;C:\Users\manda\.m2\repository\org\openjfx\javafx.base\11.0.0-SNAPSHOT\javafx.base-11.0.0-SNAPSHOT-linux.jar;C:\Users\manda\.m2\repository\org\openjfx\javafx.base\11.0.0-SNAPSHOT\javafx.base-11.0.0-SNAPSHOT-mac.jar;C:\Users\manda\.m2\repository\org\openjfx\javafx.base\11.0.0-SNAPSHOT\javafx.base-11.0.0-SNAPSHOT-win.jar;C:\Users\manda\.m2\repository\org\springframework\spring-web\5.0.8.RELEASE\spring-web-5.0.8.RELEASE.jar;C:\Users\manda\.m2\repository\org\springframework\spring-beans\5.0.8.RELEASE\spring-beans-5.0.8.RELEASE.jar;C:\Users\manda\.m2\repository\org\springframework\spring-webmvc\5.0.8.RELEASE\spring-webmvc-5.0.8.RELEASE.jar;C:\Users\manda\.m2\repository\org\springframework\spring-aop\5.0.8.RELEASE\spring-aop-5.0.8.RELEASE.jar;C:\Users\manda\.m2\repository\org\springframework\spring-context\5.0.8.RELEASE\spring-context-5.0.8.RELEASE.jar;C:\Users\manda\.m2\repository\org\springframework\spring-expression\5.0.8.RELEASE\spring-expression-5.0.8.RELEASE.jar;C:\Users\manda\.m2\repository\org\apache\commons\commons-lang3\3.7\commons-lang3-3.7.jar;C:\Users\manda\.m2\repository\org\springframework\boot\spring-boot-starter-test\2.0.4.RELEASE\spring-boot-starter-test-2.0.4.RELEASE.jar;C:\Users\manda\.m2\repository\org\springframework\boot\spring-boot-test\2.0.4.RELEASE\spring-boot-test-2.0.4.RELEASE.jar;C:\Users\manda\.m2\repository\org\springframework\boot\spring-boot-test-autoconfigure\2.0.4.RELEASE\spring-boot-test-autoconfigure-2.0.4.RELEASE.jar;C:\Users\manda\.m2\repository\com\jayway\jsonpath\json-path\2.4.0\json-path-2.4.0.jar;C:\Users\manda\.m2\repository\net\minidev\json-smart\2.3\json-smart-2.3.jar;C:\Users\manda\.m2\repository\net\minidev\accessors-smart\1.2\accessors-smart-1.2.jar;C:\Users\manda\.m2\repository\org\ow2\asm\asm\5.0.4\asm-5.0.4.jar;C:\Users\manda\.m2\repository\org\slf4j\slf4j-api\1.7.25\slf4j-api-1.7.25.jar;C:\Users\manda\.m2\repository\junit\junit\4.12\junit-4.12.jar;C:\Users\manda\.m2\repository\org\assertj\assertj-core\3.9.1\assertj-core-3.9.1.jar;C:\Users\manda\.m2\repository\org\mockito\mockito-core\2.15.0\mockito-core-2.15.0.jar;C:\Users\manda\.m2\repository\net\bytebuddy\byte-buddy\1.7.11\byte-buddy-1.7.11.jar;C:\Users\manda\.m2\repository\net\bytebuddy\byte-buddy-agent\1.7.11\byte-buddy-agent-1.7.11.jar;C:\Users\manda\.m2\repository\org\objenesis\objenesis\2.6\objenesis-2.6.jar;C:\Users\manda\.m2\repository\org\hamcrest\hamcrest-core\1.3\hamcrest-core-1.3.jar;C:\Users\manda\.m2\repository\org\hamcrest\hamcrest-library\1.3\hamcrest-library-1.3.jar;C:\Users\manda\.m2\repository\org\skyscreamer\jsonassert\1.5.0\jsonassert-1.5.0.jar;C:\Users\manda\.m2\repository\com\vaadin\external\google\android-json\0.0.20131108.vaadin1\android-json-0.0.20131108.vaadin1.jar;C:\Users\manda\.m2\repository\org\springframework\spring-core\5.0.8.RELEASE\spring-core-5.0.8.RELEASE.jar;C:\Users\manda\.m2\repository\org\springframework\spring-jcl\5.0.8.RELEASE\spring-jcl-5.0.8.RELEASE.jar;C:\Users\manda\.m2\repository\org\springframework\spring-test\5.0.8.RELEASE\spring-test-5.0.8.RELEASE.jar;C:\Users\manda\.m2\repository\org\xmlunit\xmlunit-core\2.5.1\xmlunit-core-2.5.1.jar;C:\Users\manda\.m2\repository\org\springframework\boot\spring-boot-configuration-processor\2.0.4.RELEASE\spring-boot-configuration-processor-2.0.4.RELEASE.jar;C:\Users\manda\.m2\repository\org\projectlombok\lombok\1.16.22\lombok-1.16.22.jar;, java.vm.vendor=Oracle Corporation, sun.arch.data.model=64, user.variant=, java.vendor.url=https://openjdk.java.net/, user.timezone=Asia/Calcutta, os.name=Windows 10, java.vm.specification.version=11, sun.java.launcher=SUN_STANDARD, user.country=IN, sun.boot.library.path=C:\Program Files\Java\jdk-11.0.8\bin, sun.java.command=C:\Users\manda\AppData\Local\Temp\surefire2352056443237400275\surefirebooter13687864562714988536.jar C:\Users\manda\AppData\Local\Temp\surefire2352056443237400275 2025-07-07T19-05-12_874-jvmRun1 surefire5566662989177882419tmp surefire_012152693991586738109tmp, jdk.debug=release, surefire.test.class.path=C:\Users\manda\JavaLearning\sample-cart-offer\target\test-classes;C:\Users\manda\JavaLearning\sample-cart-offer\target\classes;C:\Users\manda\.m2\repository\org\springframework\boot\spring-boot-starter-web\2.0.4.RELEASE\spring-boot-starter-web-2.0.4.RELEASE.jar;C:\Users\manda\.m2\repository\org\springframework\boot\spring-boot-starter\2.0.4.RELEASE\spring-boot-starter-2.0.4.RELEASE.jar;C:\Users\manda\.m2\repository\org\springframework\boot\spring-boot\2.0.4.RELEASE\spring-boot-2.0.4.RELEASE.jar;C:\Users\manda\.m2\repository\org\springframework\boot\spring-boot-autoconfigure\2.0.4.RELEASE\spring-boot-autoconfigure-2.0.4.RELEASE.jar;C:\Users\manda\.m2\repository\org\springframework\boot\spring-boot-starter-logging\2.0.4.RELEASE\spring-boot-starter-logging-2.0.4.RELEASE.jar;C:\Users\manda\.m2\repository\ch\qos\logback\logback-classic\1.2.3\logback-classic-1.2.3.jar;C:\Users\manda\.m2\repository\ch\qos\logback\logback-core\1.2.3\logback-core-1.2.3.jar;C:\Users\manda\.m2\repository\org\apache\logging\log4j\log4j-to-slf4j\2.10.0\log4j-to-slf4j-2.10.0.jar;C:\Users\manda\.m2\repository\org\apache\logging\log4j\log4j-api\2.10.0\log4j-api-2.10.0.jar;C:\Users\manda\.m2\repository\org\slf4j\jul-to-slf4j\1.7.25\jul-to-slf4j-1.7.25.jar;C:\Users\manda\.m2\repository\javax\annotation\javax.annotation-api\1.3.2\javax.annotation-api-1.3.2.jar;C:\Users\manda\.m2\repository\org\yaml\snakeyaml\1.19\snakeyaml-1.19.jar;C:\Users\manda\.m2\repository\org\springframework\boot\spring-boot-starter-json\2.0.4.RELEASE\spring-boot-starter-json-2.0.4.RELEASE.jar;C:\Users\manda\.m2\repository\com\fasterxml\jackson\core\jackson-databind\2.9.6\jackson-databind-2.9.6.jar;C:\Users\manda\.m2\repository\com\fasterxml\jackson\core\jackson-annotations\2.9.0\jackson-annotations-2.9.0.jar;C:\Users\manda\.m2\repository\com\fasterxml\jackson\core\jackson-core\2.9.6\jackson-core-2.9.6.jar;C:\Users\manda\.m2\repository\com\fasterxml\jackson\datatype\jackson-datatype-jdk8\2.9.6\jackson-datatype-jdk8-2.9.6.jar;C:\Users\manda\.m2\repository\com\fasterxml\jackson\datatype\jackson-datatype-jsr310\2.9.6\jackson-datatype-jsr310-2.9.6.jar;C:\Users\manda\.m2\repository\com\fasterxml\jackson\module\jackson-module-parameter-names\2.9.6\jackson-module-parameter-names-2.9.6.jar;C:\Users\manda\.m2\repository\org\springframework\boot\spring-boot-starter-tomcat\2.0.4.RELEASE\spring-boot-starter-tomcat-2.0.4.RELEASE.jar;C:\Users\manda\.m2\repository\org\apache\tomcat\embed\tomcat-embed-core\8.5.32\tomcat-embed-core-8.5.32.jar;C:\Users\manda\.m2\repository\org\apache\tomcat\embed\tomcat-embed-el\8.5.32\tomcat-embed-el-8.5.32.jar;C:\Users\manda\.m2\repository\org\apache\tomcat\embed\tomcat-embed-websocket\8.5.32\tomcat-embed-websocket-8.5.32.jar;C:\Users\manda\.m2\repository\org\hibernate\validator\hibernate-validator\6.0.11.Final\hibernate-validator-6.0.11.Final.jar;C:\Users\manda\.m2\repository\javax\validation\validation-api\2.0.1.Final\validation-api-2.0.1.Final.jar;C:\Users\manda\.m2\repository\org\jboss\logging\jboss-logging\3.3.2.Final\jboss-logging-3.3.2.Final.jar;C:\Users\manda\.m2\repository\com\fasterxml\classmate\1.3.4\classmate-1.3.4.jar;C:\Users\manda\.m2\repository\org\openjfx\javafx.base\11.0.0-SNAPSHOT\javafx.base-11.0.0-SNAPSHOT.jar;C:\Users\manda\.m2\repository\org\openjfx\javafx.base\11.0.0-SNAPSHOT\javafx.base-11.0.0-SNAPSHOT-linux.jar;C:\Users\manda\.m2\repository\org\openjfx\javafx.base\11.0.0-SNAPSHOT\javafx.base-11.0.0-SNAPSHOT-mac.jar;C:\Users\manda\.m2\repository\org\openjfx\javafx.base\11.0.0-SNAPSHOT\javafx.base-11.0.0-SNAPSHOT-win.jar;C:\Users\manda\.m2\repository\org\springframework\spring-web\5.0.8.RELEASE\spring-web-5.0.8.RELEASE.jar;C:\Users\manda\.m2\repository\org\springframework\spring-beans\5.0.8.RELEASE\spring-beans-5.0.8.RELEASE.jar;C:\Users\manda\.m2\repository\org\springframework\spring-webmvc\5.0.8.RELEASE\spring-webmvc-5.0.8.RELEASE.jar;C:\Users\manda\.m2\repository\org\springframework\spring-aop\5.0.8.RELEASE\spring-aop-5.0.8.RELEASE.jar;C:\Users\manda\.m2\repository\org\springframework\spring-context\5.0.8.RELEASE\spring-context-5.0.8.RELEASE.jar;C:\Users\manda\.m2\repository\org\springframework\spring-expression\5.0.8.RELEASE\spring-expression-5.0.8.RELEASE.jar;C:\Users\manda\.m2\repository\org\apache\commons\commons-lang3\3.7\commons-lang3-3.7.jar;C:\Users\manda\.m2\repository\org\springframework\boot\spring-boot-starter-test\2.0.4.RELEASE\spring-boot-starter-test-2.0.4.RELEASE.jar;C:\Users\manda\.m2\repository\org\springframework\boot\spring-boot-test\2.0.4.RELEASE\spring-boot-test-2.0.4.RELEASE.jar;C:\Users\manda\.m2\repository\org\springframework\boot\spring-boot-test-autoconfigure\2.0.4.RELEASE\spring-boot-test-autoconfigure-2.0.4.RELEASE.jar;C:\Users\manda\.m2\repository\com\jayway\jsonpath\json-path\2.4.0\json-path-2.4.0.jar;C:\Users\manda\.m2\repository\net\minidev\json-smart\2.3\json-smart-2.3.jar;C:\Users\manda\.m2\repository\net\minidev\accessors-smart\1.2\accessors-smart-1.2.jar;C:\Users\manda\.m2\repository\org\ow2\asm\asm\5.0.4\asm-5.0.4.jar;C:\Users\manda\.m2\repository\org\slf4j\slf4j-api\1.7.25\slf4j-api-1.7.25.jar;C:\Users\manda\.m2\repository\junit\junit\4.12\junit-4.12.jar;C:\Users\manda\.m2\repository\org\assertj\assertj-core\3.9.1\assertj-core-3.9.1.jar;C:\Users\manda\.m2\repository\org\mockito\mockito-core\2.15.0\mockito-core-2.15.0.jar;C:\Users\manda\.m2\repository\net\bytebuddy\byte-buddy\1.7.11\byte-buddy-1.7.11.jar;C:\Users\manda\.m2\repository\net\bytebuddy\byte-buddy-agent\1.7.11\byte-buddy-agent-1.7.11.jar;C:\Users\manda\.m2\repository\org\objenesis\objenesis\2.6\objenesis-2.6.jar;C:\Users\manda\.m2\repository\org\hamcrest\hamcrest-core\1.3\hamcrest-core-1.3.jar;C:\Users\manda\.m2\repository\org\hamcrest\hamcrest-library\1.3\hamcrest-library-1.3.jar;C:\Users\manda\.m2\repository\org\skyscreamer\jsonassert\1.5.0\jsonassert-1.5.0.jar;C:\Users\manda\.m2\repository\com\vaadin\external\google\android-json\0.0.20131108.vaadin1\android-json-0.0.20131108.vaadin1.jar;C:\Users\manda\.m2\repository\org\springframework\spring-core\5.0.8.RELEASE\spring-core-5.0.8.RELEASE.jar;C:\Users\manda\.m2\repository\org\springframework\spring-jcl\5.0.8.RELEASE\spring-jcl-5.0.8.RELEASE.jar;C:\Users\manda\.m2\repository\org\springframework\spring-test\5.0.8.RELEASE\spring-test-5.0.8.RELEASE.jar;C:\Users\manda\.m2\repository\org\xmlunit\xmlunit-core\2.5.1\xmlunit-core-2.5.1.jar;C:\Users\manda\.m2\repository\org\springframework\boot\spring-boot-configuration-processor\2.0.4.RELEASE\spring-boot-configuration-processor-2.0.4.RELEASE.jar;C:\Users\manda\.m2\repository\org\projectlombok\lombok\1.16.22\lombok-1.16.22.jar;, sun.cpu.endian=little, user.home=C:\Users\manda, user.language=en, java.specification.vendor=Oracle Corporation, java.version.date=2020-07-14, java.home=C:\Program Files\Java\jdk-11.0.8, file.separator=\, basedir=C:\Users\manda\JavaLearning\sample-cart-offer, java.vm.compressedOopsMode=32-bit, line.separator=
, java.specification.name=Java Platform API Specification, java.vm.specification.vendor=Oracle Corporation, java.awt.graphicsenv=sun.awt.Win32GraphicsEnvironment, surefire.real.class.path=C:\Users\manda\AppData\Local\Temp\surefire2352056443237400275\surefirebooter13687864562714988536.jar, user.script=, sun.management.compiler=HotSpot 64-Bit Tiered Compilers, java.runtime.version=11.0.8+10-LTS, user.name=manda, path.separator=;, os.version=10.0, java.runtime.name=Java(TM) SE Runtime Environment, file.encoding=Cp1252, java.vm.name=Java HotSpot(TM) 64-Bit Server VM, java.vendor.version=18.9, localRepository=C:\Users\manda\.m2\repository, java.vendor.url.bug=https://bugreport.java.com/bugreport/, java.io.tmpdir=C:\Users\manda\AppData\Local\Temp\, java.version=11.0.8, user.dir=C:\Users\manda\JavaLearning\sample-cart-offer, os.arch=amd64, java.vm.specification.name=Java Virtual Machine Specification, java.awt.printerjob=sun.awt.windows.WPrinterJob, sun.os.patch.level=, java.library.path=C:\Program Files\Java\jdk-11.0.8\bin;C:\windows\Sun\Java\bin;C:\windows\system32;C:\windows;C:\Program Files\Common Files\Oracle\Java\javapath;C:\windows\system32;C:\windows;C:\windows\System32\Wbem;C:\windows\System32\WindowsPowerShell\v1.0\;C:\windows\System32\OpenSSH\;C:\Program Files\Java\jdk-11.0.8\bin;C:\Program Files\apache-maven-3.6.3\bin;C:\Users\manda\OneDrive\Documents\selenium_resources\chromedriver_win32 (4);C:\Program Files\Docker\Docker\resources\bin;C:\ProgramData\DockerDesktop\version-bin;C:\Program Files\nodejs\;C:\Program Files\Git\cmd;C:\Program Files\MySQL\MySQL Shell 8.0\bin\;C:\Users\manda\AppData\Local\Microsoft\WindowsApps;C:\Users\manda\AppData\Local\Programs\Microsoft VS Code\bin;C:\Users\manda\AppData\Roaming\npm;C:\Users\Administrator\AppData\Roaming\npm;;., java.vendor=Oracle Corporation, java.vm.info=mixed mode, java.vm.version=11.0.8+10-LTS, sun.io.unicode.encoding=UnicodeLittle, java.class.version=55.0}}, SystemEnvironmentPropertySource@864852424 {name='systemEnvironment', properties={PATH=C:\Program Files\Common Files\Oracle\Java\javapath;C:\windows\system32;C:\windows;C:\windows\System32\Wbem;C:\windows\System32\WindowsPowerShell\v1.0\;C:\windows\System32\OpenSSH\;C:\Program Files\Java\jdk-11.0.8\bin;C:\Program Files\apache-maven-3.6.3\bin;C:\Users\manda\OneDrive\Documents\selenium_resources\chromedriver_win32 (4);C:\Program Files\Docker\Docker\resources\bin;C:\ProgramData\DockerDesktop\version-bin;C:\Program Files\nodejs\;C:\Program Files\Git\cmd;C:\Program Files\MySQL\MySQL Shell 8.0\bin\;C:\Users\manda\AppData\Local\Microsoft\WindowsApps;C:\Users\manda\AppData\Local\Programs\Microsoft VS Code\bin;C:\Users\manda\AppData\Roaming\npm;C:\Users\Administrator\AppData\Roaming\npm;, USERDOMAIN_ROAMINGPROFILE=LAPTOP-TNN1JM13, PROCESSOR_LEVEL=6, SYSTEMDRIVE=C:, SESSIONNAME=Console, ALLUSERSPROFILE=C:\ProgramData, PLATFORMCODE=KV, PROCESSOR_ARCHITECTURE=AMD64, DRIVERDATA=C:\Windows\System32\Drivers\DriverData, __INTELLIJ_COMMAND_HISTFILE__=C:\Users\manda\AppData\Roaming\JetBrains\IdeaIC2020.2\terminal\history\history-1, MAVEN_HOME=C:\Program Files\apache-maven-3.6.3\bin\.., PROGRAMFILES=C:\Program Files, PSMODULEPATH=C:\Program Files\WindowsPowerShell\Modules;C:\windows\system32\WindowsPowerShell\v1.0\Modules, PROGRAMDATA=C:\ProgramData, USERNAME=manda, WDIR=C:\Users\manda\JavaLearning\sample-cart-offer, ONEDRIVE=C:\Users\manda\OneDrive, PATHEXT=.COM;.EXE;.BAT;.CMD;.VBS;.VBE;.JS;.JSE;.WSF;.WSH;.MSC, ONEDRIVECONSUMER=C:\Users\manda\OneDrive, CLASSWORLDS_JAR="C:\Program Files\apache-maven-3.6.3\bin\..\boot\plexus-classworlds-2.6.0.jar", UIPATH_LANGUAGE=en, REGIONCODE=APJ, WINDIR=C:\windows, HOMEPATH=\Users\manda, PROCESSOR_IDENTIFIER=Intel64 Family 6 Model 126 Stepping 5, GenuineIntel, PUBLIC=C:\Users\Public, UIPATH_USER_SERVICE_PATH=C:\Users\manda\AppData\Local\Programs\UiPath\Studio\UiPath.Service.UserHost.exe, =::=::\, =EXITCODE=00000000, ZES_ENABLE_SYSMAN=1, LOCALAPPDATA=C:\Users\manda\AppData\Local, COMMONPROGRAMFILES(X86)=C:\Program Files (x86)\Common Files, USERDOMAIN=LAPTOP-TNN1JM13, LOGONSERVER=\\LAPTOP-TNN1JM13, JAVA_HOME=C:\Program Files\Java\jdk-11.0.8, PROMPT=$P$G, PROGRAMFILES(X86)=C:\Program Files (x86), ERROR_CODE=0, EXEC_DIR=C:\Users\manda\JavaLearning\sample-cart-offer, ONLINESERVICES=Online Services, C:\PROGRAM FILES (X86)\NODEJS\=C:\Users\manda\AppData\Roaming\npm, =C:=C:\Users\manda\JavaLearning\sample-cart-offer, APPDATA=C:\Users\manda\AppData\Roaming, PROGRAMW6432=C:\Program Files, SYSTEMROOT=C:\windows, MAVEN_CMD_LINE_ARGS=clean install -U, OS=Windows_NT, COMMONPROGRAMW6432=C:\Program Files\Common Files, COMPUTERNAME=LAPTOP-TNN1JM13, COMMONPROGRAMFILES=C:\Program Files\Common Files, COMSPEC=C:\windows\system32\cmd.exe, JAVACMD=C:\Program Files\Java\jdk-11.0.8\bin\java.exe, MAVEN_PROJECTBASEDIR=C:\Users\manda\JavaLearning\sample-cart-offer, PROCESSOR_REVISION=7e05, CLASSWORLDS_LAUNCHER=org.codehaus.plexus.classworlds.launcher.Launcher, TERMINAL_EMULATOR=JetBrains-JediTerm, TEMP=C:\Users\manda\AppData\Local\Temp, HOMEDRIVE=C:, USERPROFILE=C:\Users\manda, TMP=C:\Users\manda\AppData\Local\Temp, NUMBER_OF_PROCESSORS=8, JVMCONFIG=\.mvn\jvm.config, IDEA_INITIAL_DIRECTORY=C:\Program Files\JetBrains\IntelliJ IDEA Community Edition 2020.2.3\bin}}]
19:05:16.705 [main] DEBUG org.springframework.test.context.support.TestPropertySourceUtils - Adding inlined properties to environment: {spring.jmx.enabled=false, org.springframework.boot.test.context.SpringBootTestContextBootstrapper=true, server.port=-1}
19:05:16.705 [main] DEBUG org.springframework.core.env.StandardEnvironment - Adding PropertySource 'Inlined Test Properties' with highest search precedence

  .   ____          _            __ _ _
 /\\ / ___'_ __ _ _(_)_ __  __ _ \ \ \ \
( ( )\___ | '_ | '_| | '_ \/ _` | \ \ \ \
 \\/  ___)| |_)| | | | | || (_| |  ) ) ) )
  '  |____| .__|_| |_|_| |_\__, | / / / /
 =========|_|==============|___/=/_/_/_/
 :: Spring Boot ::        (v2.0.4.RELEASE)

2025-07-07 19:05:17.923  INFO 17972 --- [           main] c.springboot.CartOfferApplicationTests   : Starting CartOfferApplicationTests on LAPTOP-TNN1JM13 with PID 17972 (started by manda in C:\Users\manda\JavaLearning\sample-cart-offer)
2025-07-07 19:05:17.928  INFO 17972 --- [           main] c.springboot.CartOfferApplicationTests   : The following profiles are active: complex
2025-07-07 19:05:18.063  INFO 17972 --- [           main] o.s.w.c.s.GenericWebApplicationContext   : Refreshing org.springframework.web.context.support.GenericWebApplicationContext@acb0951: startup date [Mon Jul 07 19:05:18 IST 2025]; root of context hierarchy
2025-07-07 19:05:21.011  INFO 17972 --- [           main] o.s.w.s.handler.SimpleUrlHandlerMapping  : Mapped URL path [/**/favicon.ico] onto handler of type [class org.springframework.web.servlet.resource.ResourceHttpRequestHandler]
2025-07-07 19:05:21.331  INFO 17972 --- [           main] s.w.s.m.m.a.RequestMappingHandlerAdapter : Looking for @ControllerAdvice: org.springframework.web.context.support.GenericWebApplicationContext@acb0951: startup date [Mon Jul 07 19:05:18 IST 2025]; root of context hierarchy
2025-07-07 19:05:21.445  INFO 17972 --- [           main] s.w.s.m.m.a.RequestMappingHandlerMapping : Mapped "{[/api/v1/cart/apply_offer],methods=[POST]}" onto public com.springboot.controller.ApplyOfferResponse com.springboot.controller.AutowiredController.applyOffer(com.springboot.controller.ApplyOfferRequest) throws java.lang.Exception
2025-07-07 19:05:21.445  INFO 17972 --- [           main] s.w.s.m.m.a.RequestMappingHandlerMapping : Mapped "{[/api/v1/offer],methods=[POST]}" onto public com.springboot.controller.ApiResponse com.springboot.controller.AutowiredController.postOperation(com.springboot.controller.OfferRequest)
2025-07-07 19:05:21.461  INFO 17972 --- [           main] s.w.s.m.m.a.RequestMappingHandlerMapping : Mapped "{[/confProperty],methods=[GET]}" onto public java.util.List<com.springboot.property.Property> com.springboot.controller.ConfigurationPropertyController.fetchConfigurationProperties()
2025-07-07 19:05:21.461  INFO 17972 --- [           main] s.w.s.m.m.a.RequestMappingHandlerMapping : Mapped "{[/error]}" onto public org.springframework.http.ResponseEntity<java.util.Map<java.lang.String, java.lang.Object>> org.springframework.boot.autoconfigure.web.servlet.error.BasicErrorController.error(javax.servlet.http.HttpServletRequest)
2025-07-07 19:05:21.461  INFO 17972 --- [           main] s.w.s.m.m.a.RequestMappingHandlerMapping : Mapped "{[/error],produces=[text/html]}" onto public org.springframework.web.servlet.ModelAndView org.springframework.boot.autoconfigure.web.servlet.error.BasicErrorController.errorHtml(javax.servlet.http.HttpServletRequest,javax.servlet.http.HttpServletResponse)
2025-07-07 19:05:21.494  INFO 17972 --- [           main] o.s.w.s.handler.SimpleUrlHandlerMapping  : Mapped URL path [/webjars/**] onto handler of type [class org.springframework.web.servlet.resource.ResourceHttpRequestHandler]
2025-07-07 19:05:21.494  INFO 17972 --- [           main] o.s.w.s.handler.SimpleUrlHandlerMapping  : Mapped URL path [/**] onto handler of type [class org.springframework.web.servlet.resource.ResourceHttpRequestHandler]
2025-07-07 19:05:22.364  INFO 17972 --- [           main] c.springboot.CartOfferApplicationTests   : Started CartOfferApplicationTests in 5.639 seconds (JVM running for 7.889)
]]></system-out>
  </testcase>
</testsuite>